{
  "stats": {
    "suites": 1,
    "tests": 9,
    "passes": 9,
    "pending": 0,
    "failures": 0,
    "start": "2021-04-22T14:47:40.359Z",
    "end": "2021-04-22T14:47:47.065Z",
    "duration": 6177,
    "testsRegistered": 9,
    "passPercent": 100,
    "pendingPercent": 0,
    "other": 0,
    "hasOther": false,
    "skipped": 0,
    "hasSkipped": false
  },
  "results": [
    {
      "uuid": "2b14dfc9-e10f-4824-ac85-f3188583dbcd",
      "title": "",
      "fullFile": "cypress\\integration\\test_1.spec.js",
      "file": "cypress\\integration\\test_1.spec.js",
      "beforeHooks": [],
      "afterHooks": [],
      "tests": [],
      "suites": [
        {
          "uuid": "13be2a0d-1697-45d5-b828-05f87cb1f501",
          "title": "tastedive api",
          "fullFile": "",
          "file": "",
          "beforeHooks": [],
          "afterHooks": [],
          "tests": [
            {
              "title": "General test tastedive api with data set and cypress command : Guardians Of The Galaxy Vol. 2",
              "fullTitle": "tastedive api General test tastedive api with data set and cypress command : Guardians Of The Galaxy Vol. 2",
              "timedOut": null,
              "duration": 1500,
              "state": "passed",
              "speed": "slow",
              "pass": true,
              "fail": false,
              "pending": false,
              "context": null,
              "code": "cy.tasteDiveSearchApi(d.data.q, d.data.type, d.data.limit).then(function (response) {\n  expect(response.status).to.eq(200);\n  expect(response.body).to.have.property('Similar');\n  expect(response.body.Similar).to.have.property('Info');\n  expect(response.body.Similar).to.have.property('Results');\n  expect(response.body.Similar.Results).to.be.not.empty;\n  expect(response.body.Similar).to.have.not.property('gfd');\n});",
              "err": {},
              "uuid": "5ba3b024-8344-4f59-9ff8-502bbbf9c2ee",
              "parentUUID": "13be2a0d-1697-45d5-b828-05f87cb1f501",
              "isHook": false,
              "skipped": false
            },
            {
              "title": "General test tastedive api with data set and cypress command : Avengers: Infinity War",
              "fullTitle": "tastedive api General test tastedive api with data set and cypress command : Avengers: Infinity War",
              "timedOut": null,
              "duration": 473,
              "state": "passed",
              "speed": "slow",
              "pass": true,
              "fail": false,
              "pending": false,
              "context": null,
              "code": "cy.tasteDiveSearchApi(d.data.q, d.data.type, d.data.limit).then(function (response) {\n  expect(response.status).to.eq(200);\n  expect(response.body).to.have.property('Similar');\n  expect(response.body.Similar).to.have.property('Info');\n  expect(response.body.Similar).to.have.property('Results');\n  expect(response.body.Similar.Results).to.be.not.empty;\n  expect(response.body.Similar).to.have.not.property('gfd');\n});",
              "err": {},
              "uuid": "8197d093-a6c0-4458-addf-4615eca508e5",
              "parentUUID": "13be2a0d-1697-45d5-b828-05f87cb1f501",
              "isHook": false,
              "skipped": false
            },
            {
              "title": "General test tastedive api with data set and cypress command : Beat It",
              "fullTitle": "tastedive api General test tastedive api with data set and cypress command : Beat It",
              "timedOut": null,
              "duration": 416,
              "state": "passed",
              "speed": "slow",
              "pass": true,
              "fail": false,
              "pending": false,
              "context": null,
              "code": "cy.tasteDiveSearchApi(d.data.q, d.data.type, d.data.limit).then(function (response) {\n  expect(response.status).to.eq(200);\n  expect(response.body).to.have.property('Similar');\n  expect(response.body.Similar).to.have.property('Info');\n  expect(response.body.Similar).to.have.property('Results');\n  expect(response.body.Similar.Results).to.be.not.empty;\n  expect(response.body.Similar).to.have.not.property('gfd');\n});",
              "err": {},
              "uuid": "7e80cbeb-31ba-43a6-beb5-9f95bf9923cd",
              "parentUUID": "13be2a0d-1697-45d5-b828-05f87cb1f501",
              "isHook": false,
              "skipped": false
            },
            {
              "title": "General test tastedive api with data set and cypress command : Valeria",
              "fullTitle": "tastedive api General test tastedive api with data set and cypress command : Valeria",
              "timedOut": null,
              "duration": 611,
              "state": "passed",
              "speed": "slow",
              "pass": true,
              "fail": false,
              "pending": false,
              "context": null,
              "code": "cy.tasteDiveSearchApi(d.data.q, d.data.type, d.data.limit).then(function (response) {\n  expect(response.status).to.eq(200);\n  expect(response.body).to.have.property('Similar');\n  expect(response.body.Similar).to.have.property('Info');\n  expect(response.body.Similar).to.have.property('Results');\n  expect(response.body.Similar.Results).to.be.not.empty;\n  expect(response.body.Similar).to.have.not.property('gfd');\n});",
              "err": {},
              "uuid": "ea07277a-b862-413d-b7d5-3dd0b8386a45",
              "parentUUID": "13be2a0d-1697-45d5-b828-05f87cb1f501",
              "isHook": false,
              "skipped": false
            },
            {
              "title": "General test tastedive api with data set : Guardians Of The Galaxy Vol. 2",
              "fullTitle": "tastedive api General test tastedive api with data set : Guardians Of The Galaxy Vol. 2",
              "timedOut": null,
              "duration": 673,
              "state": "passed",
              "speed": "slow",
              "pass": true,
              "fail": false,
              "pending": false,
              "context": null,
              "code": "cy.request(\"https://tastedive.com/api/similar?q=\".concat(d.data.q, \"&type=\").concat(d.data.type, \"&limit=\").concat(d.data.limit)).then(function (response) {\n  expect(response.status).to.eq(200);\n  expect(response.body).to.have.property('Similar');\n  expect(response.body.Similar).to.have.property('Info');\n  expect(response.body.Similar).to.have.property('Results');\n  expect(response.body.Similar.Results).to.be.not.empty;\n  expect(response.body.Similar).to.have.not.property('gfd');\n});",
              "err": {},
              "uuid": "35142390-0dcc-441b-8d4d-77cc1f9451ea",
              "parentUUID": "13be2a0d-1697-45d5-b828-05f87cb1f501",
              "isHook": false,
              "skipped": false
            },
            {
              "title": "General test tastedive api with data set : Avengers: Infinity War",
              "fullTitle": "tastedive api General test tastedive api with data set : Avengers: Infinity War",
              "timedOut": null,
              "duration": 473,
              "state": "passed",
              "speed": "slow",
              "pass": true,
              "fail": false,
              "pending": false,
              "context": null,
              "code": "cy.request(\"https://tastedive.com/api/similar?q=\".concat(d.data.q, \"&type=\").concat(d.data.type, \"&limit=\").concat(d.data.limit)).then(function (response) {\n  expect(response.status).to.eq(200);\n  expect(response.body).to.have.property('Similar');\n  expect(response.body.Similar).to.have.property('Info');\n  expect(response.body.Similar).to.have.property('Results');\n  expect(response.body.Similar.Results).to.be.not.empty;\n  expect(response.body.Similar).to.have.not.property('gfd');\n});",
              "err": {},
              "uuid": "b8e47ad8-cc40-425e-854d-0bc2db4386d8",
              "parentUUID": "13be2a0d-1697-45d5-b828-05f87cb1f501",
              "isHook": false,
              "skipped": false
            },
            {
              "title": "General test tastedive api with data set : Beat It",
              "fullTitle": "tastedive api General test tastedive api with data set : Beat It",
              "timedOut": null,
              "duration": 647,
              "state": "passed",
              "speed": "slow",
              "pass": true,
              "fail": false,
              "pending": false,
              "context": null,
              "code": "cy.request(\"https://tastedive.com/api/similar?q=\".concat(d.data.q, \"&type=\").concat(d.data.type, \"&limit=\").concat(d.data.limit)).then(function (response) {\n  expect(response.status).to.eq(200);\n  expect(response.body).to.have.property('Similar');\n  expect(response.body.Similar).to.have.property('Info');\n  expect(response.body.Similar).to.have.property('Results');\n  expect(response.body.Similar.Results).to.be.not.empty;\n  expect(response.body.Similar).to.have.not.property('gfd');\n});",
              "err": {},
              "uuid": "c27d0fc4-f1bb-4504-ba84-6f0af8a9ed98",
              "parentUUID": "13be2a0d-1697-45d5-b828-05f87cb1f501",
              "isHook": false,
              "skipped": false
            },
            {
              "title": "General test tastedive api with data set : Valeria",
              "fullTitle": "tastedive api General test tastedive api with data set : Valeria",
              "timedOut": null,
              "duration": 695,
              "state": "passed",
              "speed": "slow",
              "pass": true,
              "fail": false,
              "pending": false,
              "context": null,
              "code": "cy.request(\"https://tastedive.com/api/similar?q=\".concat(d.data.q, \"&type=\").concat(d.data.type, \"&limit=\").concat(d.data.limit)).then(function (response) {\n  expect(response.status).to.eq(200);\n  expect(response.body).to.have.property('Similar');\n  expect(response.body.Similar).to.have.property('Info');\n  expect(response.body.Similar).to.have.property('Results');\n  expect(response.body.Similar.Results).to.be.not.empty;\n  expect(response.body.Similar).to.have.not.property('gfd');\n});",
              "err": {},
              "uuid": "a82fcd52-bcbd-4815-87ae-d733189f9a75",
              "parentUUID": "13be2a0d-1697-45d5-b828-05f87cb1f501",
              "isHook": false,
              "skipped": false
            },
            {
              "title": "General test tastedive api with parmas",
              "fullTitle": "tastedive api General test tastedive api with parmas",
              "timedOut": null,
              "duration": 689,
              "state": "passed",
              "speed": "slow",
              "pass": true,
              "fail": false,
              "pending": false,
              "context": null,
              "code": "cy.request('https://tastedive.com/api/similar?q=movie:valeria&&limit=3').then(function (response) {\n  expect(response.status).to.eq(200);\n  expect(response.body).to.have.property('Similar');\n  expect(response.body.Similar).to.have.property('Info');\n  expect(response.body.Similar).to.have.property('Results');\n});",
              "err": {},
              "uuid": "bd89e1d2-39f8-4147-8ff4-a9fc6feba413",
              "parentUUID": "13be2a0d-1697-45d5-b828-05f87cb1f501",
              "isHook": false,
              "skipped": false
            }
          ],
          "suites": [],
          "passes": [
            "5ba3b024-8344-4f59-9ff8-502bbbf9c2ee",
            "8197d093-a6c0-4458-addf-4615eca508e5",
            "7e80cbeb-31ba-43a6-beb5-9f95bf9923cd",
            "ea07277a-b862-413d-b7d5-3dd0b8386a45",
            "35142390-0dcc-441b-8d4d-77cc1f9451ea",
            "b8e47ad8-cc40-425e-854d-0bc2db4386d8",
            "c27d0fc4-f1bb-4504-ba84-6f0af8a9ed98",
            "a82fcd52-bcbd-4815-87ae-d733189f9a75",
            "bd89e1d2-39f8-4147-8ff4-a9fc6feba413"
          ],
          "failures": [],
          "pending": [],
          "skipped": [],
          "duration": 6177,
          "root": false,
          "rootEmpty": false,
          "_timeout": 2000
        }
      ],
      "passes": [],
      "failures": [],
      "pending": [],
      "skipped": [],
      "duration": 0,
      "root": true,
      "rootEmpty": true,
      "_timeout": 2000
    }
  ],
  "meta": {
    "mocha": {
      "version": "7.0.1"
    },
    "mochawesome": {
      "options": {
        "quiet": false,
        "reportFilename": "mochawesome",
        "saveHtml": false,
        "saveJson": true,
        "consoleReporter": "spec",
        "useInlineDiffs": false,
        "code": true
      },
      "version": "6.2.2"
    },
    "marge": {
      "options": {
        "reportDir": "cypress/results",
        "overwrite": false,
        "html": false,
        "json": true
      },
      "version": "5.2.0"
    }
  }
}